2024-10-15 21:33:14.188 [info] Reading sessions from keychain...
2024-10-15 21:33:14.188 [info] Getting sessions for all scopes...
2024-10-15 21:33:14.188 [info] Getting sessions for all scopes...
2024-10-15 21:33:14.188 [info] Getting sessions for all scopes...
2024-10-15 21:33:14.188 [info] Got 0 sessions for ...
2024-10-15 21:33:14.188 [info] Got 0 sessions for ...
2024-10-15 21:33:14.188 [info] Got 0 sessions for ...
2024-10-15 21:33:14.188 [info] Getting sessions for user:email...
2024-10-15 21:33:14.188 [info] Got 0 sessions for user:email...
2024-10-15 21:33:16.624 [info] Logging in with 'any' account...
2024-10-15 21:33:16.624 [info] Logging in for the following scopes: user:email
2024-10-15 21:33:16.635 [info] Trying without local server... (user:email)
2024-10-15 21:34:59.797 [error] User Cancelled
2024-10-15 21:35:04.688 [info] Trying with local server... (user:email)
2024-10-15 21:35:08.406 [info] Exchanging code for token...
2024-10-15 21:35:08.784 [info] Token exchange success!
2024-10-15 21:35:08.785 [info] Getting user info...
2024-10-15 21:35:09.139 [info] Got account info!
2024-10-15 21:35:09.141 [info] Storing 1 sessions...
2024-10-15 21:35:09.224 [info] Reading sessions from keychain...
2024-10-15 21:35:09.224 [info] Stored 1 sessions!
2024-10-15 21:35:09.224 [info] Login success!
2024-10-15 21:35:09.264 [info] Got stored sessions!
2024-10-15 21:35:09.264 [info] Got 1 verified sessions.
2024-10-15 21:35:09.265 [info] Getting sessions for user:email...
2024-10-15 21:35:09.265 [info] Got 1 sessions for user:email...
