2024-10-15 21:35:59.264 [info] Reading sessions from keychain...
2024-10-15 21:35:59.283 [info] Getting sessions for all scopes...
2024-10-15 21:35:59.283 [info] Getting sessions for all scopes...
2024-10-15 21:35:59.284 [info] Getting sessions for all scopes...
2024-10-15 21:35:59.296 [info] Getting sessions for user:email...
2024-10-15 21:35:59.300 [info] Got 0 sessions for ...
2024-10-15 21:35:59.300 [info] Got 0 sessions for ...
2024-10-15 21:35:59.300 [info] Got 0 sessions for ...
2024-10-15 21:35:59.300 [info] Got 0 sessions for user:email...
2024-10-15 21:35:59.912 [info] Getting sessions for all scopes...
2024-10-15 21:35:59.912 [info] Got 0 sessions for ...
2024-10-15 21:36:04.948 [info] Logging in with 'any' account...
2024-10-15 21:36:04.948 [info] Logging in for the following scopes: user:email
2024-10-15 21:36:04.953 [info] Trying without local server... (user:email)
2024-10-15 21:37:46.690 [error] User Cancelled
2024-10-15 21:38:10.542 [info] Logging in with 'any' account...
2024-10-15 21:38:10.542 [info] Logging in for the following scopes: user:email
2024-10-15 21:38:10.546 [info] Trying without local server... (user:email)
2024-10-15 21:38:58.110 [info] Logging in with 'any' account...
2024-10-15 21:38:58.110 [info] Logging in for the following scopes: user:email
2024-10-15 21:38:58.111 [info] Trying without local server... (user:email)
